0 info it worked if it ends with ok
1 verbose cli [ 'node', '/usr/local/bin/npm', 'install' ]
2 info using npm@2.11.3
3 info using node@v0.12.7
4 verbose readDependencies loading dependencies from /Users/eugene/Google Drive/HTML/2015/velak/ver1.3/package.json
5 verbose install where, deps [ '/Users/eugene/Google Drive/HTML/2015/velak/ver1.3',
5 verbose install   [ 'body-parser',
5 verbose install     'cookie-parser',
5 verbose install     'debug',
5 verbose install     'express',
5 verbose install     'express-session',
5 verbose install     'jade',
5 verbose install     'morgan',
5 verbose install     'serve-favicon',
5 verbose install     'mongoose',
5 verbose install     'moment',
5 verbose install     'passport',
5 verbose install     'passport-local',
5 verbose install     'passport-local-mongoose',
5 verbose install     'multer',
5 verbose install     'taglib',
5 verbose install     'marked',
5 verbose install     'fs',
5 verbose install     'mkdirp',
5 verbose install     'gm',
5 verbose install     'jszip',
5 verbose install     'imagemagick',
5 verbose install     'image-size' ] ]
6 verbose install where, peers [ '/Users/eugene/Google Drive/HTML/2015/velak/ver1.3', [] ]
7 verbose installManyTop reading for lifecycle /Users/eugene/Google Drive/HTML/2015/velak/ver1.3/package.json
8 info preinstall ver1.2@0.0.0
9 verbose installManyTop reading scoped package data from /Users/eugene/Google Drive/HTML/2015/velak/ver1.3/node_modules/body-parser/package.json
10 verbose installManyTop reading scoped package data from /Users/eugene/Google Drive/HTML/2015/velak/ver1.3/node_modules/connect-busboy/package.json
11 verbose installManyTop reading scoped package data from /Users/eugene/Google Drive/HTML/2015/velak/ver1.3/node_modules/cookie-parser/package.json
12 verbose installManyTop reading scoped package data from /Users/eugene/Google Drive/HTML/2015/velak/ver1.3/node_modules/debug/package.json
13 verbose installManyTop reading scoped package data from /Users/eugene/Google Drive/HTML/2015/velak/ver1.3/node_modules/express/package.json
14 verbose installManyTop reading scoped package data from /Users/eugene/Google Drive/HTML/2015/velak/ver1.3/node_modules/express-busboy/package.json
15 verbose installManyTop reading scoped package data from /Users/eugene/Google Drive/HTML/2015/velak/ver1.3/node_modules/express-session/package.json
16 verbose installManyTop reading scoped package data from /Users/eugene/Google Drive/HTML/2015/velak/ver1.3/node_modules/fs/package.json
17 verbose installManyTop reading scoped package data from /Users/eugene/Google Drive/HTML/2015/velak/ver1.3/node_modules/gm/package.json
18 verbose installManyTop reading scoped package data from /Users/eugene/Google Drive/HTML/2015/velak/ver1.3/node_modules/id3js/package.json
19 verbose installManyTop reading scoped package data from /Users/eugene/Google Drive/HTML/2015/velak/ver1.3/node_modules/image-size/package.json
20 verbose installManyTop reading scoped package data from /Users/eugene/Google Drive/HTML/2015/velak/ver1.3/node_modules/imagemagick/package.json
21 verbose installManyTop reading scoped package data from /Users/eugene/Google Drive/HTML/2015/velak/ver1.3/node_modules/jade/package.json
22 verbose installManyTop reading scoped package data from /Users/eugene/Google Drive/HTML/2015/velak/ver1.3/node_modules/jszip/package.json
23 verbose installManyTop reading scoped package data from /Users/eugene/Google Drive/HTML/2015/velak/ver1.3/node_modules/marked/package.json
24 verbose installManyTop reading scoped package data from /Users/eugene/Google Drive/HTML/2015/velak/ver1.3/node_modules/mkdirp/package.json
25 verbose installManyTop reading scoped package data from /Users/eugene/Google Drive/HTML/2015/velak/ver1.3/node_modules/moment/package.json
26 verbose installManyTop reading scoped package data from /Users/eugene/Google Drive/HTML/2015/velak/ver1.3/node_modules/mongoose/package.json
27 verbose installManyTop reading scoped package data from /Users/eugene/Google Drive/HTML/2015/velak/ver1.3/node_modules/morgan/package.json
28 verbose installManyTop reading scoped package data from /Users/eugene/Google Drive/HTML/2015/velak/ver1.3/node_modules/multer/package.json
29 verbose installManyTop reading scoped package data from /Users/eugene/Google Drive/HTML/2015/velak/ver1.3/node_modules/passport/package.json
30 verbose installManyTop reading scoped package data from /Users/eugene/Google Drive/HTML/2015/velak/ver1.3/node_modules/passport-local/package.json
31 verbose installManyTop reading scoped package data from /Users/eugene/Google Drive/HTML/2015/velak/ver1.3/node_modules/passport-local-mongoose/package.json
32 verbose installManyTop reading scoped package data from /Users/eugene/Google Drive/HTML/2015/velak/ver1.3/node_modules/pjax/package.json
33 verbose installManyTop reading scoped package data from /Users/eugene/Google Drive/HTML/2015/velak/ver1.3/node_modules/serve-favicon/package.json
34 info package.json fs@0.0.2 fs is also the name of a node core module.
35 info package.json fs@0.0.2 No description
36 info package.json fs@0.0.2 No repository field.
37 info package.json fs@0.0.2 No README data
38 info package.json connect-busboy@0.0.2 No license field.
39 info package.json imagemagick@0.1.3 No license field.
40 info package.json jszip@2.5.0 license should be a valid SPDX license expression
41 info package.json passport-local@1.0.0 No license field.
42 verbose readDependencies loading dependencies from /Users/eugene/Google Drive/HTML/2015/velak/ver1.3/package.json
43 verbose targetResolver reading package data from /Users/eugene/Google Drive/HTML/2015/velak/ver1.3/node_modules/body-parser/package.json
44 verbose targetResolver reading package data from /Users/eugene/Google Drive/HTML/2015/velak/ver1.3/node_modules/connect-busboy/package.json
45 verbose targetResolver reading package data from /Users/eugene/Google Drive/HTML/2015/velak/ver1.3/node_modules/cookie-parser/package.json
46 verbose targetResolver reading package data from /Users/eugene/Google Drive/HTML/2015/velak/ver1.3/node_modules/debug/package.json
47 verbose targetResolver reading package data from /Users/eugene/Google Drive/HTML/2015/velak/ver1.3/node_modules/express/package.json
48 verbose targetResolver reading package data from /Users/eugene/Google Drive/HTML/2015/velak/ver1.3/node_modules/express-busboy/package.json
49 verbose targetResolver reading package data from /Users/eugene/Google Drive/HTML/2015/velak/ver1.3/node_modules/express-session/package.json
50 verbose targetResolver reading package data from /Users/eugene/Google Drive/HTML/2015/velak/ver1.3/node_modules/fs/package.json
51 verbose targetResolver reading package data from /Users/eugene/Google Drive/HTML/2015/velak/ver1.3/node_modules/gm/package.json
52 verbose targetResolver reading package data from /Users/eugene/Google Drive/HTML/2015/velak/ver1.3/node_modules/id3js/package.json
53 verbose targetResolver reading package data from /Users/eugene/Google Drive/HTML/2015/velak/ver1.3/node_modules/image-size/package.json
54 verbose targetResolver reading package data from /Users/eugene/Google Drive/HTML/2015/velak/ver1.3/node_modules/imagemagick/package.json
55 verbose targetResolver reading package data from /Users/eugene/Google Drive/HTML/2015/velak/ver1.3/node_modules/jade/package.json
56 verbose targetResolver reading package data from /Users/eugene/Google Drive/HTML/2015/velak/ver1.3/node_modules/jszip/package.json
57 verbose targetResolver reading package data from /Users/eugene/Google Drive/HTML/2015/velak/ver1.3/node_modules/marked/package.json
58 verbose targetResolver reading package data from /Users/eugene/Google Drive/HTML/2015/velak/ver1.3/node_modules/mkdirp/package.json
59 verbose targetResolver reading package data from /Users/eugene/Google Drive/HTML/2015/velak/ver1.3/node_modules/moment/package.json
60 verbose targetResolver reading package data from /Users/eugene/Google Drive/HTML/2015/velak/ver1.3/node_modules/mongoose/package.json
61 verbose targetResolver reading package data from /Users/eugene/Google Drive/HTML/2015/velak/ver1.3/node_modules/morgan/package.json
62 verbose targetResolver reading package data from /Users/eugene/Google Drive/HTML/2015/velak/ver1.3/node_modules/multer/package.json
63 verbose targetResolver reading package data from /Users/eugene/Google Drive/HTML/2015/velak/ver1.3/node_modules/passport/package.json
64 verbose targetResolver reading package data from /Users/eugene/Google Drive/HTML/2015/velak/ver1.3/node_modules/passport-local/package.json
65 verbose targetResolver reading package data from /Users/eugene/Google Drive/HTML/2015/velak/ver1.3/node_modules/passport-local-mongoose/package.json
66 verbose targetResolver reading package data from /Users/eugene/Google Drive/HTML/2015/velak/ver1.3/node_modules/pjax/package.json
67 verbose targetResolver reading package data from /Users/eugene/Google Drive/HTML/2015/velak/ver1.3/node_modules/serve-favicon/package.json
68 verbose targetResolver reading package data from /Users/eugene/Google Drive/HTML/2015/velak/ver1.3/node_modules/.bin/image-size/package.json
69 verbose targetResolver reading package data from /Users/eugene/Google Drive/HTML/2015/velak/ver1.3/node_modules/.bin/jade/package.json
70 verbose targetResolver reading package data from /Users/eugene/Google Drive/HTML/2015/velak/ver1.3/node_modules/.bin/marked/package.json
71 verbose targetResolver reading package data from /Users/eugene/Google Drive/HTML/2015/velak/ver1.3/node_modules/.bin/mkdirp/package.json
72 verbose already installed skipping marked@~0.3 /Users/eugene/Google Drive/HTML/2015/velak/ver1.3
73 verbose already installed skipping fs@~0.0.2 /Users/eugene/Google Drive/HTML/2015/velak/ver1.3
74 verbose already installed skipping mkdirp@~0.5 /Users/eugene/Google Drive/HTML/2015/velak/ver1.3
75 verbose already installed skipping gm@~1.18 /Users/eugene/Google Drive/HTML/2015/velak/ver1.3
76 verbose already installed skipping jszip@~2.5 /Users/eugene/Google Drive/HTML/2015/velak/ver1.3
77 verbose already installed skipping imagemagick@~0.1 /Users/eugene/Google Drive/HTML/2015/velak/ver1.3
78 verbose already installed skipping image-size@~0.3 /Users/eugene/Google Drive/HTML/2015/velak/ver1.3
79 verbose already installed skipping body-parser@~1.13.2 /Users/eugene/Google Drive/HTML/2015/velak/ver1.3
80 verbose already installed skipping cookie-parser@~1.3.5 /Users/eugene/Google Drive/HTML/2015/velak/ver1.3
81 verbose already installed skipping debug@~2.2.0 /Users/eugene/Google Drive/HTML/2015/velak/ver1.3
82 verbose already installed skipping express@~4.13.1 /Users/eugene/Google Drive/HTML/2015/velak/ver1.3
83 verbose already installed skipping express-session@^1.10.1 /Users/eugene/Google Drive/HTML/2015/velak/ver1.3
84 verbose already installed skipping jade@~1.11.0 /Users/eugene/Google Drive/HTML/2015/velak/ver1.3
85 verbose already installed skipping morgan@~1.6.1 /Users/eugene/Google Drive/HTML/2015/velak/ver1.3
86 verbose already installed skipping serve-favicon@~2.3.0 /Users/eugene/Google Drive/HTML/2015/velak/ver1.3
87 verbose already installed skipping mongoose@~4.1 /Users/eugene/Google Drive/HTML/2015/velak/ver1.3
88 verbose already installed skipping moment@~2.10 /Users/eugene/Google Drive/HTML/2015/velak/ver1.3
89 verbose already installed skipping passport@~0.2.1 /Users/eugene/Google Drive/HTML/2015/velak/ver1.3
90 verbose already installed skipping passport-local@~1.0.0 /Users/eugene/Google Drive/HTML/2015/velak/ver1.3
91 verbose already installed skipping passport-local-mongoose@~1.0.0 /Users/eugene/Google Drive/HTML/2015/velak/ver1.3
92 verbose already installed skipping multer@~1.0 /Users/eugene/Google Drive/HTML/2015/velak/ver1.3
93 silly cache add args [ 'taglib@*', null ]
94 verbose cache add spec taglib@*
95 silly cache add parsed spec { raw: 'taglib@*',
95 silly cache add   scope: null,
95 silly cache add   name: 'taglib',
95 silly cache add   rawSpec: '*',
95 silly cache add   spec: '*',
95 silly cache add   type: 'range' }
96 silly addNamed taglib@*
97 verbose addNamed "*" is a valid semver range for taglib
98 silly addNameRange { name: 'taglib', range: '*', hasData: false }
99 silly mapToRegistry name taglib
100 silly mapToRegistry using default registry
101 silly mapToRegistry registry https://registry.npmjs.org/
102 silly mapToRegistry uri https://registry.npmjs.org/taglib
103 verbose addNameRange registry:https://registry.npmjs.org/taglib not in flight; fetching
104 verbose request uri https://registry.npmjs.org/taglib
105 verbose request no auth needed
106 info attempt registry request try #1 at 3:30:11 PM
107 verbose request id 4e210b35df1bdcd0
108 http request GET https://registry.npmjs.org/taglib
109 http 200 https://registry.npmjs.org/taglib
110 silly get cb [ 200,
110 silly get   { server: 'CouchDB/1.5.0 (Erlang OTP/R16B03)',
110 silly get     etag: '"Z9Q05RZZ3TL8VC1NGNVCO5U7"',
110 silly get     'content-type': 'application/json',
110 silly get     'cache-control': 'max-age=60',
110 silly get     'content-length': '15622',
110 silly get     'accept-ranges': 'bytes',
110 silly get     date: 'Wed, 09 Dec 2015 14:30:12 GMT',
110 silly get     via: '1.1 varnish',
110 silly get     age: '0',
110 silly get     connection: 'keep-alive',
110 silly get     'x-served-by': 'cache-ams4128-AMS',
110 silly get     'x-cache': 'MISS',
110 silly get     'x-cache-hits': '0',
110 silly get     'x-timer': 'S1449671412.199536,VS0,VE340',
110 silly get     vary: 'Accept' } ]
111 verbose get saving taglib to /Users/eugene/.npm/registry.npmjs.org/taglib/.cache.json
112 silly addNameRange number 2 { name: 'taglib', range: '*', hasData: true }
113 silly addNameRange versions [ 'taglib',
113 silly addNameRange   [ '0.0.0',
113 silly addNameRange     '0.2.1',
113 silly addNameRange     '0.3.0',
113 silly addNameRange     '0.3.1',
113 silly addNameRange     '0.5.0',
113 silly addNameRange     '0.6.0',
113 silly addNameRange     '0.7.0',
113 silly addNameRange     '0.8.0',
113 silly addNameRange     '0.8.1' ] ]
114 silly addNamed taglib@0.8.1
115 verbose addNamed "0.8.1" is a plain semver version for taglib
116 silly mapToRegistry name taglib
117 silly mapToRegistry using default registry
118 silly mapToRegistry registry https://registry.npmjs.org/
119 silly mapToRegistry uri https://registry.npmjs.org/taglib
120 verbose addRemoteTarball https://registry.npmjs.org/taglib/-/taglib-0.8.1.tgz not in flight; adding
121 verbose addRemoteTarball [ 'https://registry.npmjs.org/taglib/-/taglib-0.8.1.tgz',
121 verbose addRemoteTarball   '36b3064dd795d7185ae2ee47ddb57ebbe9bb20ec' ]
122 info retry fetch attempt 1 at 3:30:12 PM
123 info attempt registry request try #1 at 3:30:12 PM
124 http fetch GET https://registry.npmjs.org/taglib/-/taglib-0.8.1.tgz
125 http fetch 200 https://registry.npmjs.org/taglib/-/taglib-0.8.1.tgz
126 silly fetchAndShaCheck shasum 36b3064dd795d7185ae2ee47ddb57ebbe9bb20ec
127 verbose addTmpTarball /var/folders/sp/rxfx4zks6695c6cwr0fhxl2h0000gn/T/npm-3439-41ec1061/registry.npmjs.org/taglib/-/taglib-0.8.1.tgz not in flight; adding
128 verbose addTmpTarball already have metadata; skipping unpack for taglib@0.8.1
129 silly cache afterAdd taglib@0.8.1
130 verbose afterAdd /Users/eugene/.npm/taglib/0.8.1/package/package.json not in flight; writing
131 verbose afterAdd /Users/eugene/.npm/taglib/0.8.1/package/package.json written
132 silly install resolved [ { name: 'taglib',
132 silly install resolved     description: 'Simple bindings to TagLib',
132 silly install resolved     version: '0.8.1',
132 silly install resolved     repository: { type: 'git', url: 'git://github.com/nikhilm/node-taglib.git' },
132 silly install resolved     author:
132 silly install resolved      { name: 'Nikhil Marathe',
132 silly install resolved        email: 'nsm.nikhil@gmail.com',
132 silly install resolved        url: 'http://nikhilism.com' },
132 silly install resolved     main: 'taglib.node',
132 silly install resolved     directories: { example: 'examples' },
132 silly install resolved     dependencies: { bindings: '1.0.0' },
132 silly install resolved     devDependencies: { vows: '>=0.6.0', async: '>=0.1.0', 'match-files': 'latest' },
132 silly install resolved     scripts: { test: 'vows --spec', install: 'node-gyp rebuild' },
132 silly install resolved     engines: { node: '>=0.10.0 <0.11' },
132 silly install resolved     gypfile: true,
132 silly install resolved     gitHead: '486aabb4aaa7860501be1ef0b7709da61ecd02d2',
132 silly install resolved     bugs: { url: 'https://github.com/nikhilm/node-taglib/issues' },
132 silly install resolved     homepage: 'https://github.com/nikhilm/node-taglib',
132 silly install resolved     _id: 'taglib@0.8.1',
132 silly install resolved     _shasum: '36b3064dd795d7185ae2ee47ddb57ebbe9bb20ec',
132 silly install resolved     _from: 'taglib@*',
132 silly install resolved     _npmVersion: '2.1.6',
132 silly install resolved     _nodeVersion: '0.10.33',
132 silly install resolved     _npmUser: { name: 'nsm', email: 'me@nikhilmarathe.me' },
132 silly install resolved     maintainers: [ [Object] ],
132 silly install resolved     dist:
132 silly install resolved      { shasum: '36b3064dd795d7185ae2ee47ddb57ebbe9bb20ec',
132 silly install resolved        tarball: 'http://registry.npmjs.org/taglib/-/taglib-0.8.1.tgz' },
132 silly install resolved     _resolved: 'https://registry.npmjs.org/taglib/-/taglib-0.8.1.tgz' } ]
133 info install taglib@0.8.1 into /Users/eugene/Google Drive/HTML/2015/velak/ver1.3
134 info installOne taglib@0.8.1
135 verbose installOne of taglib to /Users/eugene/Google Drive/HTML/2015/velak/ver1.3 not in flight; installing
136 verbose lock using /Users/eugene/.npm/_locks/taglib-d51ae2063b6ca1fc.lock for /Users/eugene/Google Drive/HTML/2015/velak/ver1.3/node_modules/taglib
137 warn engine taglib@0.8.1: wanted: {"node":">=0.10.0 <0.11"} (current: {"node":"0.12.7","npm":"2.11.3"})
138 silly install write writing taglib 0.8.1 to /Users/eugene/Google Drive/HTML/2015/velak/ver1.3/node_modules/taglib
139 verbose unbuild node_modules/taglib
140 silly gentlyRm /Users/eugene/Google Drive/HTML/2015/velak/ver1.3/node_modules/taglib is being purged from base /Users/eugene/Google Drive/HTML/2015/velak/ver1.3
141 verbose gentlyRm don't care about contents; nuking /Users/eugene/Google Drive/HTML/2015/velak/ver1.3/node_modules/taglib
142 verbose tar unpack /Users/eugene/.npm/taglib/0.8.1/package.tgz
143 verbose tar unpacking to /Users/eugene/Google Drive/HTML/2015/velak/ver1.3/node_modules/taglib
144 silly gentlyRm /Users/eugene/Google Drive/HTML/2015/velak/ver1.3/node_modules/taglib is being purged
145 verbose gentlyRm don't care about contents; nuking /Users/eugene/Google Drive/HTML/2015/velak/ver1.3/node_modules/taglib
146 silly gunzTarPerm modes [ '755', '644' ]
147 silly gunzTarPerm extractEntry package.json
148 silly gunzTarPerm extractEntry .npmignore
149 silly gunzTarPerm extractEntry README.md
150 silly gunzTarPerm extractEntry LICENSE
151 silly gunzTarPerm extractEntry async-write.js
152 silly gunzTarPerm extractEntry async.js
153 silly gunzTarPerm extractEntry index.js
154 silly gunzTarPerm extractEntry sync.js
155 silly gunzTarPerm extractEntry sync-write.js
156 silly gunzTarPerm extractEntry examples/properties.js
157 silly gunzTarPerm extractEntry examples/simple.js
158 silly gunzTarPerm extractEntry binding.gyp
159 silly gunzTarPerm extractEntry spec/buffersSpec.js
160 silly gunzTarPerm extractEntry spec/resolverSpec.js
161 silly gunzTarPerm extractEntry spec/taglibSpec.js
162 silly gunzTarPerm extractEntry spec/blip.mp3
163 silly gunzTarPerm extractEntry spec/sample-clean.mp3
164 silly gunzTarPerm extractEntry spec/sample-with-ütf.mp3
165 silly gunzTarPerm extractEntry spec/sample.actuallymp3
166 silly gunzTarPerm extractEntry spec/sample.mp3
167 silly gunzTarPerm extractEntry src/bufferstream.cc
168 silly gunzTarPerm extractEntry src/bufferstream.h
169 silly gunzTarPerm extractEntry src/tag.cc
170 silly gunzTarPerm extractEntry src/tag.h
171 silly gunzTarPerm extractEntry src/taglib.cc
172 silly gunzTarPerm extractEntry src/taglib.h
173 silly gunzTarPerm extractEntry ChangeLog
174 silly gunzTarPerm extractEntry test.sh
175 verbose write writing to /Users/eugene/Google Drive/HTML/2015/velak/ver1.3/node_modules/taglib/package.json
176 info preinstall taglib@0.8.1
177 verbose readDependencies loading dependencies from /Users/eugene/Google Drive/HTML/2015/velak/ver1.3/node_modules/taglib/package.json
178 silly prepareForInstallMany adding bindings@1.0.0 from taglib dependencies
179 verbose readDependencies loading dependencies from /Users/eugene/Google Drive/HTML/2015/velak/ver1.3/node_modules/taglib/package.json
180 silly cache add args [ 'bindings@1.0.0', null ]
181 verbose cache add spec bindings@1.0.0
182 silly cache add parsed spec { raw: 'bindings@1.0.0',
182 silly cache add   scope: null,
182 silly cache add   name: 'bindings',
182 silly cache add   rawSpec: '1.0.0',
182 silly cache add   spec: '1.0.0',
182 silly cache add   type: 'version' }
183 silly addNamed bindings@1.0.0
184 verbose addNamed "1.0.0" is a plain semver version for bindings
185 silly mapToRegistry name bindings
186 silly mapToRegistry using default registry
187 silly mapToRegistry registry https://registry.npmjs.org/
188 silly mapToRegistry uri https://registry.npmjs.org/bindings
189 verbose addNameVersion registry:https://registry.npmjs.org/bindings not in flight; fetching
190 verbose request uri https://registry.npmjs.org/bindings
191 verbose request no auth needed
192 info attempt registry request try #1 at 3:30:13 PM
193 http request GET https://registry.npmjs.org/bindings
194 http 200 https://registry.npmjs.org/bindings
195 silly get cb [ 200,
195 silly get   { server: 'CouchDB/1.5.0 (Erlang OTP/R16B03)',
195 silly get     etag: '"2RXG5K4RRQWEOOFOAOOKVPOZR"',
195 silly get     'content-type': 'application/json',
195 silly get     'cache-control': 'max-age=60',
195 silly get     'content-length': '18051',
195 silly get     'accept-ranges': 'bytes',
195 silly get     date: 'Wed, 09 Dec 2015 14:30:13 GMT',
195 silly get     via: '1.1 varnish',
195 silly get     age: '52',
195 silly get     connection: 'keep-alive',
195 silly get     'x-served-by': 'cache-ams4141-AMS',
195 silly get     'x-cache': 'HIT',
195 silly get     'x-cache-hits': '1',
195 silly get     'x-timer': 'S1449671413.370855,VS0,VE0',
195 silly get     vary: 'Accept' } ]
196 verbose get saving bindings to /Users/eugene/.npm/registry.npmjs.org/bindings/.cache.json
197 silly mapToRegistry name bindings
198 silly mapToRegistry using default registry
199 silly mapToRegistry registry https://registry.npmjs.org/
200 silly mapToRegistry uri https://registry.npmjs.org/bindings
201 verbose addRemoteTarball https://registry.npmjs.org/bindings/-/bindings-1.0.0.tgz not in flight; adding
202 verbose addRemoteTarball [ 'https://registry.npmjs.org/bindings/-/bindings-1.0.0.tgz',
202 verbose addRemoteTarball   'c3ccde60e9de6807c6f1aa4ef4843af29191c828' ]
203 info retry fetch attempt 1 at 3:30:13 PM
204 info attempt registry request try #1 at 3:30:13 PM
205 http fetch GET https://registry.npmjs.org/bindings/-/bindings-1.0.0.tgz
206 http fetch 200 https://registry.npmjs.org/bindings/-/bindings-1.0.0.tgz
207 silly fetchAndShaCheck shasum c3ccde60e9de6807c6f1aa4ef4843af29191c828
208 verbose addTmpTarball /var/folders/sp/rxfx4zks6695c6cwr0fhxl2h0000gn/T/npm-3439-41ec1061/registry.npmjs.org/bindings/-/bindings-1.0.0.tgz not in flight; adding
209 verbose addTmpTarball already have metadata; skipping unpack for bindings@1.0.0
210 silly cache afterAdd bindings@1.0.0
211 verbose afterAdd /Users/eugene/.npm/bindings/1.0.0/package/package.json not in flight; writing
212 verbose afterAdd /Users/eugene/.npm/bindings/1.0.0/package/package.json written
213 silly install resolved [ { name: 'bindings',
213 silly install resolved     description: 'Helper module for loading your native module\'s .node file',
213 silly install resolved     keywords: [ 'native', 'addon', 'bindings', 'gyp', 'waf', 'c', 'c++' ],
213 silly install resolved     version: '1.0.0',
213 silly install resolved     author:
213 silly install resolved      { name: 'Nathan Rajlich',
213 silly install resolved        email: 'nathan@tootallnate.net',
213 silly install resolved        url: 'http://tootallnate.net' },
213 silly install resolved     repository:
213 silly install resolved      { type: 'git',
213 silly install resolved        url: 'git://github.com/TooTallNate/node-bindings.git' },
213 silly install resolved     main: './bindings.js',
213 silly install resolved     _id: 'bindings@1.0.0',
213 silly install resolved     dist:
213 silly install resolved      { shasum: 'c3ccde60e9de6807c6f1aa4ef4843af29191c828',
213 silly install resolved        tarball: 'http://registry.npmjs.org/bindings/-/bindings-1.0.0.tgz' },
213 silly install resolved     maintainers: [ [Object], [Object] ],
213 silly install resolved     directories: {},
213 silly install resolved     _shasum: 'c3ccde60e9de6807c6f1aa4ef4843af29191c828',
213 silly install resolved     _resolved: 'https://registry.npmjs.org/bindings/-/bindings-1.0.0.tgz',
213 silly install resolved     _from: 'bindings@1.0.0' } ]
214 info install bindings@1.0.0 into /Users/eugene/Google Drive/HTML/2015/velak/ver1.3/node_modules/taglib
215 info installOne bindings@1.0.0
216 verbose installOne of bindings to /Users/eugene/Google Drive/HTML/2015/velak/ver1.3/node_modules/taglib not in flight; installing
217 verbose lock using /Users/eugene/.npm/_locks/bindings-186a528385b9bdf7.lock for /Users/eugene/Google Drive/HTML/2015/velak/ver1.3/node_modules/taglib/node_modules/bindings
218 silly install write writing bindings 1.0.0 to /Users/eugene/Google Drive/HTML/2015/velak/ver1.3/node_modules/taglib/node_modules/bindings
219 verbose unbuild node_modules/taglib/node_modules/bindings
220 silly gentlyRm /Users/eugene/Google Drive/HTML/2015/velak/ver1.3/node_modules/taglib/node_modules/bindings is being purged from base /Users/eugene/Google Drive/HTML/2015/velak/ver1.3
221 verbose gentlyRm don't care about contents; nuking /Users/eugene/Google Drive/HTML/2015/velak/ver1.3/node_modules/taglib/node_modules/bindings
222 verbose tar unpack /Users/eugene/.npm/bindings/1.0.0/package.tgz
223 verbose tar unpacking to /Users/eugene/Google Drive/HTML/2015/velak/ver1.3/node_modules/taglib/node_modules/bindings
224 silly gentlyRm /Users/eugene/Google Drive/HTML/2015/velak/ver1.3/node_modules/taglib/node_modules/bindings is being purged
225 verbose gentlyRm don't care about contents; nuking /Users/eugene/Google Drive/HTML/2015/velak/ver1.3/node_modules/taglib/node_modules/bindings
226 silly gunzTarPerm modes [ '755', '644' ]
227 silly gunzTarPerm extractEntry package.json
228 silly gunzTarPerm extractEntry README.md
229 silly gunzTarPerm extractEntry bindings.js
230 verbose write writing to /Users/eugene/Google Drive/HTML/2015/velak/ver1.3/node_modules/taglib/node_modules/bindings/package.json
231 info preinstall bindings@1.0.0
232 verbose readDependencies loading dependencies from /Users/eugene/Google Drive/HTML/2015/velak/ver1.3/node_modules/taglib/node_modules/bindings/package.json
233 verbose readDependencies loading dependencies from /Users/eugene/Google Drive/HTML/2015/velak/ver1.3/node_modules/taglib/node_modules/bindings/package.json
234 silly install resolved []
235 verbose about to build /Users/eugene/Google Drive/HTML/2015/velak/ver1.3/node_modules/taglib/node_modules/bindings
236 info build /Users/eugene/Google Drive/HTML/2015/velak/ver1.3/node_modules/taglib/node_modules/bindings
237 info linkStuff bindings@1.0.0
238 silly linkStuff bindings@1.0.0 has /Users/eugene/Google Drive/HTML/2015/velak/ver1.3/node_modules/taglib/node_modules as its parent node_modules
239 verbose linkBins bindings@1.0.0
240 verbose linkMans bindings@1.0.0
241 verbose rebuildBundles bindings@1.0.0
242 info install bindings@1.0.0
243 info postinstall bindings@1.0.0
244 verbose unlock done using /Users/eugene/.npm/_locks/bindings-186a528385b9bdf7.lock for /Users/eugene/Google Drive/HTML/2015/velak/ver1.3/node_modules/taglib/node_modules/bindings
245 verbose about to build /Users/eugene/Google Drive/HTML/2015/velak/ver1.3/node_modules/taglib
246 info build /Users/eugene/Google Drive/HTML/2015/velak/ver1.3/node_modules/taglib
247 info linkStuff taglib@0.8.1
248 silly linkStuff taglib@0.8.1 has /Users/eugene/Google Drive/HTML/2015/velak/ver1.3/node_modules as its parent node_modules
249 verbose linkBins taglib@0.8.1
250 verbose linkMans taglib@0.8.1
251 verbose rebuildBundles taglib@0.8.1
252 verbose rebuildBundles [ 'bindings' ]
253 info install taglib@0.8.1
254 verbose unsafe-perm in lifecycle true
255 info taglib@0.8.1 Failed to exec install script
256 verbose unlock done using /Users/eugene/.npm/_locks/taglib-d51ae2063b6ca1fc.lock for /Users/eugene/Google Drive/HTML/2015/velak/ver1.3/node_modules/taglib
257 verbose stack Error: taglib@0.8.1 install: `node-gyp rebuild`
257 verbose stack Exit status 1
257 verbose stack     at EventEmitter.<anonymous> (/usr/local/lib/node_modules/npm/lib/utils/lifecycle.js:213:16)
257 verbose stack     at EventEmitter.emit (events.js:110:17)
257 verbose stack     at ChildProcess.<anonymous> (/usr/local/lib/node_modules/npm/lib/utils/spawn.js:24:14)
257 verbose stack     at ChildProcess.emit (events.js:110:17)
257 verbose stack     at maybeClose (child_process.js:1015:16)
257 verbose stack     at Process.ChildProcess._handle.onexit (child_process.js:1087:5)
258 verbose pkgid taglib@0.8.1
259 verbose cwd /Users/eugene/Google Drive/HTML/2015/velak/ver1.3
260 error Darwin 15.0.0
261 error argv "node" "/usr/local/bin/npm" "install"
262 error node v0.12.7
263 error npm  v2.11.3
264 error code ELIFECYCLE
265 error taglib@0.8.1 install: `node-gyp rebuild`
265 error Exit status 1
266 error Failed at the taglib@0.8.1 install script 'node-gyp rebuild'.
266 error This is most likely a problem with the taglib package,
266 error not with npm itself.
266 error Tell the author that this fails on your system:
266 error     node-gyp rebuild
266 error You can get their info via:
266 error     npm owner ls taglib
266 error There is likely additional logging output above.
267 verbose exit [ 1, true ]
268 verbose unbuild node_modules/taglib
269 info preuninstall taglib@0.8.1
270 info uninstall taglib@0.8.1
271 verbose unbuild rmStuff taglib@0.8.1 from /Users/eugene/Google Drive/HTML/2015/velak/ver1.3/node_modules
272 info postuninstall taglib@0.8.1
273 silly gentlyRm /Users/eugene/Google Drive/HTML/2015/velak/ver1.3/node_modules/taglib is being purged from base /Users/eugene/Google Drive/HTML/2015/velak/ver1.3
274 verbose gentlyRm don't care about contents; nuking /Users/eugene/Google Drive/HTML/2015/velak/ver1.3/node_modules/taglib
275 silly vacuum-fs purging /Users/eugene/Google Drive/HTML/2015/velak/ver1.3/node_modules/taglib
276 silly vacuum-fs quitting because other entries in /Users/eugene/Google Drive/HTML/2015/velak/ver1.3/node_modules
